<?xml version="1.0" encoding="UTF-8"?>
<testsuite name="study.datajpa.repository.MemberJpaRepositoryTest" tests="1" skipped="0" failures="0" errors="0" timestamp="2023-03-20T05:23:04" hostname="DESKTOP-CF2I9CV" time="0.279">
  <properties/>
  <testcase name="testMember()" classname="study.datajpa.repository.MemberJpaRepositoryTest" time="0.279"/>
  <system-out><![CDATA[14:23:01.062 [Test worker] DEBUG org.springframework.boot.test.context.SpringBootTestContextBootstrapper - Neither @ContextConfiguration nor @ContextHierarchy found for test class [MemberJpaRepositoryTest]: using SpringBootContextLoader
14:23:01.067 [Test worker] DEBUG org.springframework.test.context.support.AbstractContextLoader - Could not detect default resource locations for test class [study.datajpa.repository.MemberJpaRepositoryTest]: no resource found for suffixes {-context.xml, Context.groovy}.
14:23:01.068 [Test worker] INFO org.springframework.test.context.support.AnnotationConfigContextLoaderUtils - Could not detect default configuration classes for test class [study.datajpa.repository.MemberJpaRepositoryTest]: MemberJpaRepositoryTest does not declare any static, non-private, non-final, nested classes annotated with @Configuration.
14:23:01.095 [Test worker] DEBUG org.springframework.boot.test.context.SpringBootTestContextBootstrapper - Using ContextCustomizers for test class [MemberJpaRepositoryTest]: [DisableObservabilityContextCustomizer, PropertyMappingContextCustomizer, Customizer, ExcludeFilterContextCustomizer, DuplicateJsonObjectContextCustomizer, MockitoContextCustomizer, TestRestTemplateContextCustomizer]
14:23:01.177 [Test worker] DEBUG org.springframework.context.annotation.ClassPathScanningCandidateComponentProvider - Identified candidate component class: file [C:\Users\euiya\Desktop\java_study\data jpa\data-jpa\build\classes\java\main\study\datajpa\DataJpaApplication.class]
14:23:01.179 [Test worker] INFO org.springframework.boot.test.context.SpringBootTestContextBootstrapper - Found @SpringBootConfiguration study.datajpa.DataJpaApplication for test class study.datajpa.repository.MemberJpaRepositoryTest
14:23:01.295 [Test worker] DEBUG org.springframework.boot.test.context.SpringBootTestContextBootstrapper - Using TestExecutionListeners for test class [MemberJpaRepositoryTest]: [ServletTestExecutionListener, DirtiesContextBeforeModesTestExecutionListener, ApplicationEventsTestExecutionListener, MockitoTestExecutionListener, DependencyInjectionTestExecutionListener, DirtiesContextTestExecutionListener, TransactionalTestExecutionListener, SqlScriptsTestExecutionListener, EventPublishingTestExecutionListener, RestDocsTestExecutionListener, MockRestServiceServerResetTestExecutionListener, MockMvcPrintOnlyOnFailureTestExecutionListener, WebDriverTestExecutionListener, MockWebServiceServerTestExecutionListener, ResetMocksTestExecutionListener]
14:23:01.296 [Test worker] DEBUG org.springframework.test.context.support.AbstractDirtiesContextTestExecutionListener - Before test class: class [MemberJpaRepositoryTest], class annotated with @DirtiesContext [false] with mode [null]

  .   ____          _            __ _ _
 /\\ / ___'_ __ _ _(_)_ __  __ _ \ \ \ \
( ( )\___ | '_ | '_| | '_ \/ _` | \ \ \ \
 \\/  ___)| |_)| | | | | || (_| |  ) ) ) )
  '  |____| .__|_| |_|_| |_\__, | / / / /
 =========|_|==============|___/=/_/_/_/
 :: Spring Boot ::                (v3.0.4)

2023-03-20T14:23:01.654+09:00  INFO 18648 --- [    Test worker] s.d.repository.MemberJpaRepositoryTest   : Starting MemberJpaRepositoryTest using Java 17.0.6 with PID 18648 (started by euiya in C:\Users\euiya\Desktop\java_study\data jpa\data-jpa)
2023-03-20T14:23:01.655+09:00  INFO 18648 --- [    Test worker] s.d.repository.MemberJpaRepositoryTest   : No active profile set, falling back to 1 default profile: "default"
2023-03-20T14:23:02.276+09:00  INFO 18648 --- [    Test worker] .s.d.r.c.RepositoryConfigurationDelegate : Bootstrapping Spring Data JPA repositories in DEFAULT mode.
2023-03-20T14:23:02.334+09:00  INFO 18648 --- [    Test worker] .s.d.r.c.RepositoryConfigurationDelegate : Finished Spring Data repository scanning in 49 ms. Found 1 JPA repository interfaces.
2023-03-20T14:23:02.738+09:00  INFO 18648 --- [    Test worker] o.hibernate.jpa.internal.util.LogHelper  : HHH000204: Processing PersistenceUnitInfo [name: default]
2023-03-20T14:23:02.812+09:00  INFO 18648 --- [    Test worker] org.hibernate.Version                    : HHH000412: Hibernate ORM core version 6.1.7.Final
2023-03-20T14:23:03.178+09:00  INFO 18648 --- [    Test worker] com.zaxxer.hikari.HikariDataSource       : HikariPool-1 - Starting...
2023-03-20T14:23:03.268+09:00  INFO 18648 --- [    Test worker] com.zaxxer.hikari.pool.HikariPool        : HikariPool-1 - Added connection conn0: url=jdbc:h2:tcp://localhost/~/datajpa user=SA
2023-03-20T14:23:03.270+09:00  INFO 18648 --- [    Test worker] com.zaxxer.hikari.HikariDataSource       : HikariPool-1 - Start completed.
2023-03-20T14:23:03.309+09:00  INFO 18648 --- [    Test worker] SQL dialect                              : HHH000400: Using dialect: org.hibernate.dialect.H2Dialect
2023-03-20T14:23:04.088+09:00 DEBUG 18648 --- [    Test worker] org.hibernate.SQL                        : drop table if exists member cascade 
2023-03-20T14:23:04.091+09:00 DEBUG 18648 --- [    Test worker] org.hibernate.SQL                        : drop sequence if exists member_seq
2023-03-20T14:23:04.097+09:00 DEBUG 18648 --- [    Test worker] org.hibernate.SQL                        : create sequence member_seq start with 1 increment by 50
2023-03-20T14:23:04.098+09:00 DEBUG 18648 --- [    Test worker] org.hibernate.SQL                        : create table member (id bigint not null, username varchar(255), primary key (id))
2023-03-20T14:23:04.101+09:00  INFO 18648 --- [    Test worker] o.h.e.t.j.p.i.JtaPlatformInitiator       : HHH000490: Using JtaPlatform implementation: [org.hibernate.engine.transaction.jta.platform.internal.NoJtaPlatform]
2023-03-20T14:23:04.112+09:00  INFO 18648 --- [    Test worker] j.LocalContainerEntityManagerFactoryBean : Initialized JPA EntityManagerFactory for persistence unit 'default'
2023-03-20T14:23:04.298+09:00  WARN 18648 --- [    Test worker] JpaBaseConfiguration$JpaWebConfiguration : spring.jpa.open-in-view is enabled by default. Therefore, database queries may be performed during view rendering. Explicitly configure spring.jpa.open-in-view to disable this warning
2023-03-20T14:23:04.928+09:00  INFO 18648 --- [    Test worker] s.d.repository.MemberJpaRepositoryTest   : Started MemberJpaRepositoryTest in 3.581 seconds (process running for 4.836)
2023-03-20T14:23:05.140+09:00 DEBUG 18648 --- [    Test worker] org.hibernate.SQL                        : select next value for member_seq
]]></system-out>
  <system-err><![CDATA[]]></system-err>
</testsuite>
